scripts/kconfig/conf  --silentoldconfig Kconfig
  CHK     include/config.h
  UPD     include/config.h
  CFG     u-boot.cfg
  GEN     include/autoconf.mk
  GEN     include/autoconf.mk.dep
  CHK     include/config/uboot.release
  UPD     include/config/uboot.release
  CHK     include/generated/version_autogenerated.h
  UPD     include/generated/version_autogenerated.h
  CHK     include/generated/timestamp_autogenerated.h
  UPD     include/generated/timestamp_autogenerated.h
  CC      lib/asm-offsets.s
  CHK     include/generated/generic-asm-offsets.h
  UPD     include/generated/generic-asm-offsets.h
  CC      arch/arm/lib/asm-offsets.s
  CHK     include/generated/asm-offsets.h
  UPD     include/generated/asm-offsets.h
  HOSTCC  tools/bmp_logo
  HOSTCC  tools/envcrc.o
  WRAP    tools/lib/crc32.c
  HOSTCC  tools/lib/crc32.o
  WRAP    tools/common/env_embedded.c
  HOSTCC  tools/common/env_embedded.o
  WRAP    tools/lib/sha1.c
  HOSTCC  tools/lib/sha1.o
  HOSTLD  tools/envcrc
  HOSTCC  tools/gen_eth_addr
  HOSTCC  tools/img2srec
  HOSTCC  tools/mkenvimage.o
  HOSTCC  tools/os_support.o
  HOSTLD  tools/mkenvimage
  HOSTCC  tools/aisimage.o
  HOSTCC  tools/atmelimage.o
  WRAP    tools/common/bootm.c
  HOSTCC  tools/common/bootm.o
  HOSTCC  tools/default_image.o
  WRAP    tools/lib/fdtdec_common.c
  HOSTCC  tools/lib/fdtdec_common.o
  WRAP    tools/lib/fdtdec.c
  HOSTCC  tools/lib/fdtdec.o
  HOSTCC  tools/fit_common.o
  HOSTCC  tools/fit_image.o
  WRAP    tools/common/image-fit.c
  HOSTCC  tools/common/image-fit.o
  HOSTCC  tools/image-host.o
  WRAP    tools/common/image.c
  HOSTCC  tools/common/image.o
  HOSTCC  tools/imagetool.o
  HOSTCC  tools/imximage.o
  HOSTCC  tools/kwbimage.o
  WRAP    tools/lib/md5.c
  HOSTCC  tools/lib/md5.o
  HOSTCC  tools/lpc32xximage.o
  HOSTCC  tools/mxsimage.o
  HOSTCC  tools/omapimage.o
  HOSTCC  tools/pblimage.o
  HOSTCC  tools/pbl_crc32.o
  HOSTCC  tools/vybridimage.o
  WRAP    tools/lib/rc4.c
  HOSTCC  tools/lib/rc4.o
  HOSTCC  tools/rkcommon.o
  HOSTCC  tools/rkimage.o
  HOSTCC  tools/rksd.o
  HOSTCC  tools/rkspi.o
  HOSTCC  tools/socfpgaimage.o
  WRAP    tools/lib/sha256.c
  HOSTCC  tools/lib/sha256.o
  WRAP    tools/common/hash.c
  HOSTCC  tools/common/hash.o
  HOSTCC  tools/ublimage.o
  HOSTCC  tools/zynqimage.o
  HOSTCC  tools/zynqmpimage.o
  WRAP    tools/lib/libfdt/fdt.c
  HOSTCC  tools/lib/libfdt/fdt.o
  WRAP    tools/lib/libfdt/fdt_ro.c
  HOSTCC  tools/lib/libfdt/fdt_ro.o
  WRAP    tools/lib/libfdt/fdt_rw.c
  HOSTCC  tools/lib/libfdt/fdt_rw.o
  WRAP    tools/lib/libfdt/fdt_strerror.c
  HOSTCC  tools/lib/libfdt/fdt_strerror.o
  WRAP    tools/lib/libfdt/fdt_wip.c
  HOSTCC  tools/lib/libfdt/fdt_wip.o
  WRAP    tools/lib/libfdt/fdt_region.c
  HOSTCC  tools/lib/libfdt/fdt_region.o
  WRAP    tools/lib/libfdt/fdt_sw.c
  HOSTCC  tools/lib/libfdt/fdt_sw.o
  HOSTCC  tools/gpimage.o
  HOSTCC  tools/gpimage-common.o
  HOSTCC  tools/dumpimage.o
  HOSTLD  tools/dumpimage
  HOSTCC  tools/mkimage.o
  HOSTLD  tools/mkimage
  HOSTCC  tools/proftool
  HOSTCC  tools/fdtgrep.o
  HOSTLD  tools/fdtgrep
tools/bmp_logo --gen-info ./tools/logos/toradex.bmp > include/bmp_logo.h
tools/bmp_logo --gen-data ./tools/logos/toradex.bmp > include/bmp_logo_data.h
  LD      arch/arm/cpu/built-in.o
  CC      arch/arm/cpu/armv7/cache_v7.o
  AS      arch/arm/cpu/armv7/cache_v7_asm.o
  CC      arch/arm/cpu/armv7/cpu.o
  CC      arch/arm/cpu/armv7/cp15.o
  CC      arch/arm/cpu/armv7/syslib.o
  CC      arch/arm/cpu/armv7/vf610/generic.o
  CC      arch/arm/cpu/armv7/vf610/timer.o
  LD      arch/arm/cpu/armv7/vf610/built-in.o
  LD      arch/arm/cpu/armv7/built-in.o
  AS      arch/arm/cpu/armv7/start.o
  CC      arch/arm/imx-common/iomux-v3.o
  CC      arch/arm/imx-common/imx_bootaux.o
  CC      arch/arm/imx-common/ddrmc-vf610.o
  CC      arch/arm/imx-common/cmd_writebcb.o
  LD      arch/arm/imx-common/built-in.o
  AS      arch/arm/lib/vectors.o
  AS      arch/arm/lib/crt0.o
  AS      arch/arm/lib/relocate.o
  CC      arch/arm/lib/bootm-fdt.o
  CC      arch/arm/lib/bootm.o
  CC      arch/arm/lib/zimage.o
  AS      arch/arm/lib/memset.o
  AS      arch/arm/lib/memcpy.o
  CC      arch/arm/lib/sections.o
  CC      arch/arm/lib/stack.o
  CC      arch/arm/lib/interrupts.o
  CC      arch/arm/lib/reset.o
  CC      arch/arm/lib/cache.o
  CC      arch/arm/lib/cache-cp15.o
  CC      arch/arm/lib/psci-dt.o
  LD      arch/arm/lib/built-in.o
  AS      arch/arm/lib/ashldi3.o
  AS      arch/arm/lib/ashrdi3.o
  CC      arch/arm/lib/div0.o
  AS      arch/arm/lib/div64.o
  AS      arch/arm/lib/lib1funcs.o
  AS      arch/arm/lib/lshrdi3.o
  AS      arch/arm/lib/muldi3.o
  AS      arch/arm/lib/uldivmod.o
  AR      arch/arm/lib/lib.a
  CC      arch/arm/lib/eabi_compat.o
  CC      board/toradex/colibri_vf/colibri_vf.o
  CC      board/toradex/colibri_vf/dcu.o
  LD      board/toradex/colibri_vf/built-in.o
  CC      board/toradex/common/tdx-cfg-block.o
  CC      board/toradex/common/tdx-common.o
  LD      board/toradex/common/built-in.o
  CC      cmd/boot.o
  CC      cmd/bootm.o
  CC      cmd/help.o
  CC      cmd/version.o
  CC      cmd/source.o
  CC      cmd/bdinfo.o
  CC      cmd/bmp.o
  CC      cmd/bootz.o
  CC      cmd/console.o
  CC      cmd/echo.o
  CC      cmd/elf.o
  CC      cmd/exit.o
  CC      cmd/ext4.o
  CC      cmd/fat.o
  CC      cmd/fdt.o
  CC      cmd/flash.o
  CC      cmd/fs.o
  CC      cmd/fuse.o
  CC      cmd/gpio.o
  CC      cmd/itest.o
  CC      cmd/load.o
  CC      cmd/mem.o
  CC      cmd/mii.o
  CC      cmd/mdio.o
  CC      cmd/misc.o
  CC      cmd/mmc.o
  CC      cmd/mtdparts.o
  CC      cmd/nand.o
  CC      cmd/net.o
  CC      cmd/part.o
  CC      cmd/pcmcia.o
  CC      cmd/pxe.o
  CC      cmd/spi.o
  CC      cmd/test.o
  CC      cmd/ubi.o
  CC      cmd/usb.o
  CC      cmd/disk.o
  CC      cmd/usb_mass_storage.o
  CC      cmd/ximg.o
  CC      cmd/dfu.o
  CC      cmd/nvedit.o
  LD      cmd/built-in.o
  CC      common/init/board_init.o
  LD      common/init/built-in.o
  CC      common/main.o
  CC      common/exports.o
  CC      common/hash.o
  CC      common/cli_hush.o
  CC      common/autoboot.o
  CC      common/board_f.o
  CC      common/board_r.o
  CC      common/board_info.o
  CC      common/bootm.o
  CC      common/bootm_os.o
  CC      common/env_attr.o
  CC      common/env_callback.o
  CC      common/env_flags.o
  CC      common/env_nand.o
  CC      common/fdt_support.o
  CC      common/miiphyutil.o
  CC      common/usb.o
  CC      common/usb_hub.o
  CC      common/usb_storage.o
  CC      common/iomux.o
  CC      common/flash.o
  CC      common/splash.o
  CC      common/menu.o
  CC      common/env_common.o
  CC      common/console.o
  CC      common/dlmalloc.o
  CC      common/malloc_simple.o
  CC      common/image.o
  CC      common/image-fdt.o
  CC      common/image-fit.o
  CC      common/memsize.o
  CC      common/stdio.o
  CC      common/cli_simple.o
  CC      common/cli.o
  CC      common/cli_readline.o
  CC      common/dfu.o
  CC      common/command.o
  CC      common/s_record.o
  CC      common/xyzModem.o
  LD      common/built-in.o
  CC      disk/part.o
  CC      disk/part_dos.o
  CC      disk/part_efi.o
  LD      disk/built-in.o
  LD      drivers/adc/built-in.o
  CC      drivers/block/blk_legacy.o
  LD      drivers/block/built-in.o
  CC      drivers/core/device.o
  CC      drivers/core/lists.o
  CC      drivers/core/root.o
  CC      drivers/core/uclass.o
  CC      drivers/core/util.o
  CC      drivers/core/device-remove.o
  CC      drivers/core/simple-bus.o
  CC      drivers/core/dump.o
  LD      drivers/core/built-in.o
  CC      drivers/crypto/fsl/sec.o
  LD      drivers/crypto/fsl/built-in.o
  LD      drivers/crypto/rsa_mod_exp/built-in.o
  LD      drivers/crypto/built-in.o
  CC      drivers/dfu/dfu.o
  CC      drivers/dfu/dfu_mmc.o
  CC      drivers/dfu/dfu_nand.o
  LD      drivers/dfu/built-in.o
  LD      drivers/hwmon/built-in.o
  CC      drivers/input/input.o
  CC      drivers/input/key_matrix.o
  LD      drivers/input/built-in.o
  LD      drivers/mailbox/built-in.o
  LD      drivers/memory/built-in.o
  CC      drivers/misc/mxc_ocotp.o
  LD      drivers/misc/built-in.o
  CC      drivers/pcmcia/tqm8xx_pcmcia.o
  LD      drivers/pcmcia/built-in.o
  LD      drivers/phy/marvell/built-in.o
  LD      drivers/pwm/built-in.o
  LD      drivers/reset/built-in.o
  CC      drivers/rtc/date.o
  LD      drivers/rtc/built-in.o
  LD      drivers/soc/built-in.o
  LD      drivers/sound/built-in.o
  LD      drivers/spmi/built-in.o
  LD      drivers/sysreset/built-in.o
  LD      drivers/thermal/built-in.o
  LD      drivers/timer/built-in.o
  LD      drivers/tpm/built-in.o
  LD      drivers/twserial/built-in.o
  CC      drivers/video/cfb_console.o
  CC      drivers/video/fsl_dcu_fb.o
  CC      drivers/video/videomodes.o
  LD      drivers/video/bridge/built-in.o
  LD      drivers/video/built-in.o
  CC      drivers/watchdog/imx_watchdog.o
  LD      drivers/watchdog/built-in.o
  LD      drivers/built-in.o
  LD      drivers/dma/built-in.o
  CC      drivers/gpio/gpio-uclass.o
  CC      drivers/gpio/vybrid_gpio.o
  LD      drivers/gpio/built-in.o
  LD      drivers/i2c/built-in.o
  CC      drivers/mmc/mmc_legacy.o
  CC      drivers/mmc/fsl_esdhc.o
  CC      drivers/mmc/mmc.o
  CC      drivers/mmc/mmc_write.o
  LD      drivers/mmc/built-in.o
  CC      drivers/mtd/mtdcore.o
  CC      drivers/mtd/mtd_uboot.o
  CC      drivers/mtd/mtdpart.o
  LD      drivers/mtd/built-in.o
  CC      drivers/mtd/nand/nand.o
  CC      drivers/mtd/nand/nand_bbt.o
  CC      drivers/mtd/nand/nand_ids.o
  CC      drivers/mtd/nand/nand_util.o
  CC      drivers/mtd/nand/nand_ecc.o
  CC      drivers/mtd/nand/nand_base.o
  CC      drivers/mtd/nand/nand_timings.o
  CC      drivers/mtd/nand/vf610_nfc.o
  LD      drivers/mtd/nand/built-in.o
  LD      drivers/mtd/onenand/built-in.o
  LD      drivers/mtd/spi/built-in.o
  CC      drivers/mtd/ubi/attach.o
  CC      drivers/mtd/ubi/build.o
  CC      drivers/mtd/ubi/vtbl.o
  CC      drivers/mtd/ubi/vmt.o
  CC      drivers/mtd/ubi/upd.o
  CC      drivers/mtd/ubi/kapi.o
  CC      drivers/mtd/ubi/eba.o
  CC      drivers/mtd/ubi/io.o
  CC      drivers/mtd/ubi/wl.o
  CC      drivers/mtd/ubi/crc32.o
  CC      drivers/mtd/ubi/fastmap.o
  CC      drivers/mtd/ubi/misc.o
  CC      drivers/mtd/ubi/debug.o
  LD      drivers/mtd/ubi/built-in.o
  CC      drivers/net/fec_mxc.o
  LD      drivers/net/built-in.o
  CC      drivers/net/phy/phy.o
  CC      drivers/net/phy/micrel.o
  LD      drivers/net/phy/built-in.o
  LD      drivers/pci/built-in.o
  LD      drivers/power/built-in.o
  LD      drivers/power/battery/built-in.o
  LD      drivers/power/domain/built-in.o
  LD      drivers/power/fuel_gauge/built-in.o
  LD      drivers/power/mfd/built-in.o
  LD      drivers/power/pmic/built-in.o
  LD      drivers/power/regulator/built-in.o
  CC      drivers/serial/serial-uclass.o
  CC      drivers/serial/serial_lpuart.o
  LD      drivers/serial/built-in.o
  CC      drivers/spi/spi-uclass.o
  CC      drivers/spi/fsl_dspi.o
  LD      drivers/spi/built-in.o
  CC      drivers/usb/common/common.o
  LD      drivers/usb/common/built-in.o
  LD      drivers/usb/dwc3/built-in.o
  LD      drivers/usb/emul/built-in.o
  LD      drivers/usb/eth/built-in.o
  CC      drivers/usb/gadget/epautoconf.o
  CC      drivers/usb/gadget/config.o
  CC      drivers/usb/gadget/usbstring.o
  CC      drivers/usb/gadget/ci_udc.o
  CC      drivers/usb/gadget/g_dnl.o
  CC      drivers/usb/gadget/f_dfu.o
  CC      drivers/usb/gadget/f_mass_storage.o
  LD      drivers/usb/gadget/built-in.o
  LD      drivers/usb/gadget/udc/built-in.o
  CC      drivers/usb/host/usb-uclass.o
  CC      drivers/usb/host/ehci-hcd.o
  CC      drivers/usb/host/ehci-vf.o
  LD      drivers/usb/host/built-in.o
  LD      drivers/usb/musb-new/built-in.o
  LD      drivers/usb/musb/built-in.o
  LD      drivers/usb/phy/built-in.o
  LD      drivers/usb/ulpi/built-in.o
  CC      fs/fs.o
  CC      fs/ext4/ext4fs.o
  CC      fs/ext4/ext4_common.o
  CC      fs/ext4/dev.o
  LD      fs/ext4/built-in.o
  CC      fs/fat/fat.o
  CC      fs/fat/file.o
  LD      fs/fat/built-in.o
  LD      fs/built-in.o
  CC      lib/libfdt/fdt.o
  CC      lib/libfdt/fdt_ro.o
  CC      lib/libfdt/fdt_rw.o
  CC      lib/libfdt/fdt_strerror.o
  CC      lib/libfdt/fdt_sw.o
  CC      lib/libfdt/fdt_wip.o
  CC      lib/libfdt/fdt_empty_tree.o
  CC      lib/libfdt/fdt_addresses.o
  CC      lib/libfdt/fdt_region.o
  CC      lib/libfdt/fdt_overlay.o
  LD      lib/libfdt/built-in.o
  CC      lib/zlib/zlib.o
  LD      lib/zlib/built-in.o
  CC      lib/crc7.o
  CC      lib/crc8.o
  CC      lib/crc16.o
  CC      lib/fdtdec_common.o
  CC      lib/gunzip.o
  CC      lib/initcall.o
  CC      lib/lmb.o
  CC      lib/ldiv.o
  CC      lib/md5.o
  CC      lib/net_utils.o
  CC      lib/qsort.o
  CC      lib/rc4.o
  CC      lib/rbtree.o
  CC      lib/list_sort.o
  CC      lib/sha1.o
  CC      lib/sha256.o
  CC      lib/fdtdec.o
  CC      lib/hashtable.o
  CC      lib/errno.o
  CC      lib/display_options.o
  CC      lib/crc32.o
  CC      lib/ctype.o
  CC      lib/div64.o
  CC      lib/hang.o
  CC      lib/linux_compat.o
  CC      lib/linux_string.o
  CC      lib/membuff.o
  CC      lib/slre.o
  CC      lib/string.o
  CC      lib/tables_csum.o
  CC      lib/time.o
  CC      lib/uuid.o
  CC      lib/vsprintf.o
  CC      lib/panic.o
  CC      lib/strto.o
  CC      lib/strmhz.o
  LD      lib/built-in.o
  CC      net/checksum.o
  CC      net/arp.o
  CC      net/bootp.o
  CC      net/eth_legacy.o
  CC      net/eth_common.o
  CC      net/net.o
  CC      net/nfs.o
  CC      net/ping.o
  CC      net/tftp.o
  LD      net/built-in.o
  LD      test/built-in.o
  CC      test/dm/cmd_dm.o
  LD      test/dm/built-in.o
  CC      examples/standalone/stubs.o
  LD      examples/standalone/libstubs.o
  CC      examples/standalone/hello_world.o
  LD      examples/standalone/hello_world
  OBJCOPY examples/standalone/hello_world.srec
  OBJCOPY examples/standalone/hello_world.bin
  LDS     u-boot.lds
  LD      u-boot
  OBJCOPY u-boot-nodtb.bin
  DTC     arch/arm/dts/vf500-colibri.dtb
arch/arm/dts/skeleton.dtsi:12.9-50: Warning (unit_address_vs_reg): /memory: node has a reg or ranges property, but no unit name
arch/arm/dts/vf.dtsi:93.25-97.6: Warning (simple_bus_reg): /soc/aips-bus@40000000/gpio@40049000: simple-bus unit address format error, expected "400ff000"
arch/arm/dts/vf.dtsi:99.25-103.6: Warning (simple_bus_reg): /soc/aips-bus@40000000/gpio@4004a000: simple-bus unit address format error, expected "400ff040"
arch/arm/dts/vf.dtsi:105.25-109.6: Warning (simple_bus_reg): /soc/aips-bus@40000000/gpio@4004b000: simple-bus unit address format error, expected "400ff080"
arch/arm/dts/vf.dtsi:111.25-115.6: Warning (simple_bus_reg): /soc/aips-bus@40000000/gpio@4004c000: simple-bus unit address format error, expected "400ff0c0"
arch/arm/dts/vf.dtsi:117.25-121.6: Warning (simple_bus_reg): /soc/aips-bus@40000000/gpio@4004d000: simple-bus unit address format error, expected "400ff100"
arch/arm/dts/vf.dtsi:74.26-81.6: Warning (spi_bus_bridge): /soc/aips-bus@40000000/dspi1@4002d000: node name for SPI buses should be 'spi'
  also defined at arch/arm/dts/vf-colibri.dtsi:14.8-22.3
arch/arm/dts/vf500-colibri.dtb: Warning (spi_bus_reg): Failed prerequisite 'spi_bus_bridge'
  DTC     arch/arm/dts/vf610-colibri.dtb
arch/arm/dts/skeleton.dtsi:12.9-50: Warning (unit_address_vs_reg): /memory: node has a reg or ranges property, but no unit name
arch/arm/dts/vf.dtsi:93.25-97.6: Warning (simple_bus_reg): /soc/aips-bus@40000000/gpio@40049000: simple-bus unit address format error, expected "400ff000"
arch/arm/dts/vf.dtsi:99.25-103.6: Warning (simple_bus_reg): /soc/aips-bus@40000000/gpio@4004a000: simple-bus unit address format error, expected "400ff040"
arch/arm/dts/vf.dtsi:105.25-109.6: Warning (simple_bus_reg): /soc/aips-bus@40000000/gpio@4004b000: simple-bus unit address format error, expected "400ff080"
arch/arm/dts/vf.dtsi:111.25-115.6: Warning (simple_bus_reg): /soc/aips-bus@40000000/gpio@4004c000: simple-bus unit address format error, expected "400ff0c0"
arch/arm/dts/vf.dtsi:117.25-121.6: Warning (simple_bus_reg): /soc/aips-bus@40000000/gpio@4004d000: simple-bus unit address format error, expected "400ff100"
arch/arm/dts/vf.dtsi:74.26-81.6: Warning (spi_bus_bridge): /soc/aips-bus@40000000/dspi1@4002d000: node name for SPI buses should be 'spi'
  also defined at arch/arm/dts/vf-colibri.dtsi:14.8-22.3
arch/arm/dts/vf610-colibri.dtb: Warning (spi_bus_reg): Failed prerequisite 'spi_bus_bridge'
  DTC     arch/arm/dts/vf610-twr.dtb
arch/arm/dts/skeleton.dtsi:12.9-50: Warning (unit_address_vs_reg): /memory: node has a reg or ranges property, but no unit name
arch/arm/dts/vf.dtsi:93.25-97.6: Warning (simple_bus_reg): /soc/aips-bus@40000000/gpio@40049000: simple-bus unit address format error, expected "400ff000"
arch/arm/dts/vf.dtsi:99.25-103.6: Warning (simple_bus_reg): /soc/aips-bus@40000000/gpio@4004a000: simple-bus unit address format error, expected "400ff040"
arch/arm/dts/vf.dtsi:105.25-109.6: Warning (simple_bus_reg): /soc/aips-bus@40000000/gpio@4004b000: simple-bus unit address format error, expected "400ff080"
arch/arm/dts/vf.dtsi:111.25-115.6: Warning (simple_bus_reg): /soc/aips-bus@40000000/gpio@4004c000: simple-bus unit address format error, expected "400ff0c0"
arch/arm/dts/vf.dtsi:117.25-121.6: Warning (simple_bus_reg): /soc/aips-bus@40000000/gpio@4004d000: simple-bus unit address format error, expected "400ff100"
  DTC     arch/arm/dts/pcm052.dtb
arch/arm/dts/skeleton.dtsi:12.9-50: Warning (unit_address_vs_reg): /memory: node has a reg or ranges property, but no unit name
arch/arm/dts/vf.dtsi:93.25-97.6: Warning (simple_bus_reg): /soc/aips-bus@40000000/gpio@40049000: simple-bus unit address format error, expected "400ff000"
arch/arm/dts/vf.dtsi:99.25-103.6: Warning (simple_bus_reg): /soc/aips-bus@40000000/gpio@4004a000: simple-bus unit address format error, expected "400ff040"
arch/arm/dts/vf.dtsi:105.25-109.6: Warning (simple_bus_reg): /soc/aips-bus@40000000/gpio@4004b000: simple-bus unit address format error, expected "400ff080"
arch/arm/dts/vf.dtsi:111.25-115.6: Warning (simple_bus_reg): /soc/aips-bus@40000000/gpio@4004c000: simple-bus unit address format error, expected "400ff0c0"
arch/arm/dts/vf.dtsi:117.25-121.6: Warning (simple_bus_reg): /soc/aips-bus@40000000/gpio@4004d000: simple-bus unit address format error, expected "400ff100"
  DTC     arch/arm/dts/bk4r1.dtb
arch/arm/dts/skeleton.dtsi:12.9-50: Warning (unit_address_vs_reg): /memory: node has a reg or ranges property, but no unit name
arch/arm/dts/vf.dtsi:93.25-97.6: Warning (simple_bus_reg): /soc/aips-bus@40000000/gpio@40049000: simple-bus unit address format error, expected "400ff000"
arch/arm/dts/vf.dtsi:99.25-103.6: Warning (simple_bus_reg): /soc/aips-bus@40000000/gpio@4004a000: simple-bus unit address format error, expected "400ff040"
arch/arm/dts/vf.dtsi:105.25-109.6: Warning (simple_bus_reg): /soc/aips-bus@40000000/gpio@4004b000: simple-bus unit address format error, expected "400ff080"
arch/arm/dts/vf.dtsi:111.25-115.6: Warning (simple_bus_reg): /soc/aips-bus@40000000/gpio@4004c000: simple-bus unit address format error, expected "400ff0c0"
arch/arm/dts/vf.dtsi:117.25-121.6: Warning (simple_bus_reg): /soc/aips-bus@40000000/gpio@4004d000: simple-bus unit address format error, expected "400ff100"
arch/arm/dts/vf.dtsi:83.28-91.6: Warning (spi_bus_bridge): /soc/aips-bus@40000000/quadspi@40044000: node name for SPI buses should be 'spi'
  also defined at arch/arm/dts/bk4r1.dts:28.8-48.3
arch/arm/dts/bk4r1.dtb: Warning (spi_bus_reg): Failed prerequisite 'spi_bus_bridge'
  SHIPPED dts/dt.dtb
  CAT     u-boot-dtb.bin
  COPY    u-boot.bin
  CFGS    board/toradex/colibri_vf/imximage.cfg.cfgtmp
  MKIMAGE u-boot.imx
  OBJCOPY u-boot.srec
  SYM     u-boot.sym
  COPY    u-boot.dtb
./scripts/check-config.sh u-boot.cfg \
	./scripts/config_whitelist.txt . 1>&2
