This file contains any messages produced by compilers while
running configure, to aid debugging if configure makes a mistake.

It was created by Lely core libraries configure 2.4.0, which was
generated by GNU Autoconf 2.69.  Invocation command line was

  $ ../configure --disable-cython

## --------- ##
## Platform. ##
## --------- ##

hostname = mayara-cruz
uname -m = x86_64
uname -r = 5.11.0-27-generic
uname -s = Linux
uname -v = #29~20.04.1-Ubuntu SMP Wed Aug 11 15:58:17 UTC 2021

/usr/bin/uname -p = x86_64
/bin/uname -X     = unknown

/bin/arch              = x86_64
/usr/bin/arch -k       = unknown
/usr/convex/getsysinfo = unknown
/usr/bin/hostinfo      = unknown
/bin/machine           = unknown
/usr/bin/oslevel       = unknown
/bin/universe          = unknown

PATH: /usr/local/sbin
PATH: /usr/local/bin
PATH: /usr/sbin
PATH: /usr/bin
PATH: /sbin
PATH: /bin
PATH: /usr/games
PATH: /usr/local/games
PATH: /snap/bin


## ----------- ##
## Core tests. ##
## ----------- ##

configure:2663: checking build system type
configure:2677: result: x86_64-pc-linux-gnu
configure:2697: checking host system type
configure:2710: result: x86_64-pc-linux-gnu
configure:2730: checking target system type
configure:2743: result: x86_64-pc-linux-gnu
configure:2785: checking for a BSD-compatible install
configure:2853: result: /usr/bin/install -c
configure:2864: checking whether build environment is sane
configure:2919: result: yes
configure:3068: checking for a thread-safe mkdir -p
configure:3107: result: /usr/bin/mkdir -p
configure:3114: checking for gawk
configure:3130: found /usr/bin/gawk
configure:3141: result: gawk
configure:3152: checking whether make sets $(MAKE)
configure:3174: result: yes
configure:3203: checking whether make supports nested variables
configure:3220: result: yes
configure:3348: checking whether to enable maintainer-specific portions of Makefiles
configure:3357: result: yes
configure:3381: checking whether make supports nested variables
configure:3398: result: yes
configure:3410: checking for a sed that does not truncate output
configure:3474: result: /usr/bin/sed
configure:3492: checking whether to build with code coverage support
configure:3512: result: no
configure:3866: checking for valgrind
configure:3896: result: no
configure:4267: checking whether make supports the include directive
configure:4282: make -f confmf.GNU && cat confinc.out
this is the am__doit target
configure:4285: $? = 0
configure:4304: result: yes (GNU style)
configure:4374: checking for gcc
configure:4390: found /usr/bin/gcc
configure:4401: result: gcc
configure:4630: checking for C compiler version
configure:4639: gcc --version >&5
gcc (Ubuntu 9.3.0-17ubuntu1~20.04) 9.3.0
Copyright (C) 2019 Free Software Foundation, Inc.
This is free software; see the source for copying conditions.  There is NO
warranty; not even for MERCHANTABILITY or FITNESS FOR A PARTICULAR PURPOSE.

configure:4650: $? = 0
configure:4639: gcc -v >&5
Using built-in specs.
COLLECT_GCC=gcc
COLLECT_LTO_WRAPPER=/usr/lib/gcc/x86_64-linux-gnu/9/lto-wrapper
OFFLOAD_TARGET_NAMES=nvptx-none:hsa
OFFLOAD_TARGET_DEFAULT=1
Target: x86_64-linux-gnu
Configured with: ../src/configure -v --with-pkgversion='Ubuntu 9.3.0-17ubuntu1~20.04' --with-bugurl=file:///usr/share/doc/gcc-9/README.Bugs --enable-languages=c,ada,c++,go,brig,d,fortran,objc,obj-c++,gm2 --prefix=/usr --with-gcc-major-version-only --program-suffix=-9 --program-prefix=x86_64-linux-gnu- --enable-shared --enable-linker-build-id --libexecdir=/usr/lib --without-included-gettext --enable-threads=posix --libdir=/usr/lib --enable-nls --enable-clocale=gnu --enable-libstdcxx-debug --enable-libstdcxx-time=yes --with-default-libstdcxx-abi=new --enable-gnu-unique-object --disable-vtable-verify --enable-plugin --enable-default-pie --with-system-zlib --with-target-system-zlib=auto --enable-objc-gc=auto --enable-multiarch --disable-werror --with-arch-32=i686 --with-abi=m64 --with-multilib-list=m32,m64,mx32 --enable-multilib --with-tune=generic --enable-offload-targets=nvptx-none=/build/gcc-9-HskZEa/gcc-9-9.3.0/debian/tmp-nvptx/usr,hsa --without-cuda-driver --enable-checking=release --build=x86_64-linux-gnu --host=x86_64-linux-gnu --target=x86_64-linux-gnu
Thread model: posix
gcc version 9.3.0 (Ubuntu 9.3.0-17ubuntu1~20.04) 
configure:4650: $? = 0
configure:4639: gcc -V >&5
gcc: error: unrecognized command line option '-V'
gcc: fatal error: no input files
compilation terminated.
configure:4650: $? = 1
configure:4639: gcc -qversion >&5
gcc: error: unrecognized command line option '-qversion'; did you mean '--version'?
gcc: fatal error: no input files
compilation terminated.
configure:4650: $? = 1
configure:4670: checking whether the C compiler works
configure:4692: gcc    conftest.c  >&5
configure:4696: $? = 0
configure:4744: result: yes
configure:4747: checking for C compiler default output file name
configure:4749: result: a.out
configure:4755: checking for suffix of executables
configure:4762: gcc -o conftest    conftest.c  >&5
configure:4766: $? = 0
configure:4788: result: 
configure:4810: checking whether we are cross compiling
configure:4818: gcc -o conftest    conftest.c  >&5
configure:4822: $? = 0
configure:4829: ./conftest
configure:4833: $? = 0
configure:4821: result: no
configure:4826: checking for suffix of object files
configure:4848: gcc -c   conftest.c >&5
configure:4852: $? = 0
configure:4873: result: o
configure:4877: checking whether we are using the GNU C compiler
configure:4896: gcc -c   conftest.c >&5
configure:4896: $? = 0
configure:4905: result: yes
configure:4914: checking whether gcc accepts -g
configure:4934: gcc -c -g  conftest.c >&5
configure:4934: $? = 0
configure:4975: result: yes
configure:4992: checking for gcc option to accept ISO C89
configure:5055: gcc  -c -g -O2  conftest.c >&5
configure:5055: $? = 0
configure:5068: result: none needed
configure:5093: checking whether gcc understands -c and -o together
configure:5115: gcc -c conftest.c -o conftest2.o
configure:5118: $? = 0
configure:5115: gcc -c conftest.c -o conftest2.o
configure:5118: $? = 0
configure:5130: result: yes
configure:5149: checking dependency style of gcc
configure:5260: result: gcc3
configure:5279: checking for gcc option to accept ISO C99
configure:5428: gcc  -c -g -O2  conftest.c >&5
configure:5428: $? = 0
configure:5441: result: none needed
configure:5549: checking for gcc option to accept ISO Standard C
configure:5560: result: none needed
configure:5573: checking how to run the C preprocessor
configure:5604: gcc -E  conftest.c
configure:5604: $? = 0
configure:5618: gcc -E  conftest.c
conftest.c:11:10: fatal error: ac_nonexistent.h: No such file or directory
   11 | #include <ac_nonexistent.h>
      |          ^~~~~~~~~~~~~~~~~~
compilation terminated.
configure:5618: $? = 1
configure: failed program was:
| /* confdefs.h */
| #define PACKAGE_NAME "Lely core libraries"
| #define PACKAGE_TARNAME "lely-core"
| #define PACKAGE_VERSION "2.4.0"
| #define PACKAGE_STRING "Lely core libraries 2.4.0"
| #define PACKAGE_BUGREPORT ""
| #define PACKAGE_URL ""
| #define PACKAGE "lely-core"
| #define VERSION "2.4.0"
| /* end confdefs.h.  */
| #include <ac_nonexistent.h>
configure:5643: result: gcc -E
configure:5663: gcc -E  conftest.c
configure:5663: $? = 0
configure:5677: gcc -E  conftest.c
conftest.c:11:10: fatal error: ac_nonexistent.h: No such file or directory
   11 | #include <ac_nonexistent.h>
      |          ^~~~~~~~~~~~~~~~~~
compilation terminated.
configure:5677: $? = 1
configure: failed program was:
| /* confdefs.h */
| #define PACKAGE_NAME "Lely core libraries"
| #define PACKAGE_TARNAME "lely-core"
| #define PACKAGE_VERSION "2.4.0"
| #define PACKAGE_STRING "Lely core libraries 2.4.0"
| #define PACKAGE_BUGREPORT ""
| #define PACKAGE_URL ""
| #define PACKAGE "lely-core"
| #define VERSION "2.4.0"
| /* end confdefs.h.  */
| #include <ac_nonexistent.h>
configure:5706: checking for grep that handles long lines and -e
configure:5764: result: /usr/bin/grep
configure:5769: checking for egrep
configure:5831: result: /usr/bin/grep -E
configure:5836: checking for ANSI C header files
configure:5856: gcc -c -g -O2  conftest.c >&5
configure:5856: $? = 0
configure:5929: gcc -o conftest -g -O2   conftest.c  >&5
configure:5929: $? = 0
configure:5929: ./conftest
configure:5929: $? = 0
configure:5940: result: yes
configure:5953: checking for sys/types.h
configure:5953: gcc -c -g -O2  conftest.c >&5
configure:5953: $? = 0
configure:5953: result: yes
configure:5953: checking for sys/stat.h
configure:5953: gcc -c -g -O2  conftest.c >&5
configure:5953: $? = 0
configure:5953: result: yes
configure:5953: checking for stdlib.h
configure:5953: gcc -c -g -O2  conftest.c >&5
configure:5953: $? = 0
configure:5953: result: yes
configure:5953: checking for string.h
configure:5953: gcc -c -g -O2  conftest.c >&5
configure:5953: $? = 0
configure:5953: result: yes
configure:5953: checking for memory.h
configure:5953: gcc -c -g -O2  conftest.c >&5
configure:5953: $? = 0
configure:5953: result: yes
configure:5953: checking for strings.h
configure:5953: gcc -c -g -O2  conftest.c >&5
configure:5953: $? = 0
configure:5953: result: yes
configure:5953: checking for inttypes.h
configure:5953: gcc -c -g -O2  conftest.c >&5
configure:5953: $? = 0
configure:5953: result: yes
configure:5953: checking for stdint.h
configure:5953: gcc -c -g -O2  conftest.c >&5
configure:5953: $? = 0
configure:5953: result: yes
configure:5953: checking for unistd.h
configure:5953: gcc -c -g -O2  conftest.c >&5
configure:5953: $? = 0
configure:5953: result: yes
configure:5966: checking minix/config.h usability
configure:5966: gcc -c -g -O2  conftest.c >&5
conftest.c:54:10: fatal error: minix/config.h: No such file or directory
   54 | #include <minix/config.h>
      |          ^~~~~~~~~~~~~~~~
compilation terminated.
configure:5966: $? = 1
configure: failed program was:
| /* confdefs.h */
| #define PACKAGE_NAME "Lely core libraries"
| #define PACKAGE_TARNAME "lely-core"
| #define PACKAGE_VERSION "2.4.0"
| #define PACKAGE_STRING "Lely core libraries 2.4.0"
| #define PACKAGE_BUGREPORT ""
| #define PACKAGE_URL ""
| #define PACKAGE "lely-core"
| #define VERSION "2.4.0"
| #define STDC_HEADERS 1
| #define HAVE_SYS_TYPES_H 1
| #define HAVE_SYS_STAT_H 1
| #define HAVE_STDLIB_H 1
| #define HAVE_STRING_H 1
| #define HAVE_MEMORY_H 1
| #define HAVE_STRINGS_H 1
| #define HAVE_INTTYPES_H 1
| #define HAVE_STDINT_H 1
| #define HAVE_UNISTD_H 1
| /* end confdefs.h.  */
| #include <stdio.h>
| #ifdef HAVE_SYS_TYPES_H
| # include <sys/types.h>
| #endif
| #ifdef HAVE_SYS_STAT_H
| # include <sys/stat.h>
| #endif
| #ifdef STDC_HEADERS
| # include <stdlib.h>
| # include <stddef.h>
| #else
| # ifdef HAVE_STDLIB_H
| #  include <stdlib.h>
| # endif
| #endif
| #ifdef HAVE_STRING_H
| # if !defined STDC_HEADERS && defined HAVE_MEMORY_H
| #  include <memory.h>
| # endif
| # include <string.h>
| #endif
| #ifdef HAVE_STRINGS_H
| # include <strings.h>
| #endif
| #ifdef HAVE_INTTYPES_H
| # include <inttypes.h>
| #endif
| #ifdef HAVE_STDINT_H
| # include <stdint.h>
| #endif
| #ifdef HAVE_UNISTD_H
| # include <unistd.h>
| #endif
| #include <minix/config.h>
configure:5966: result: no
configure:5966: checking minix/config.h presence
configure:5966: gcc -E  conftest.c
conftest.c:21:10: fatal error: minix/config.h: No such file or directory
   21 | #include <minix/config.h>
      |          ^~~~~~~~~~~~~~~~
compilation terminated.
configure:5966: $? = 1
configure: failed program was:
| /* confdefs.h */
| #define PACKAGE_NAME "Lely core libraries"
| #define PACKAGE_TARNAME "lely-core"
| #define PACKAGE_VERSION "2.4.0"
| #define PACKAGE_STRING "Lely core libraries 2.4.0"
| #define PACKAGE_BUGREPORT ""
| #define PACKAGE_URL ""
| #define PACKAGE "lely-core"
| #define VERSION "2.4.0"
| #define STDC_HEADERS 1
| #define HAVE_SYS_TYPES_H 1
| #define HAVE_SYS_STAT_H 1
| #define HAVE_STDLIB_H 1
| #define HAVE_STRING_H 1
| #define HAVE_MEMORY_H 1
| #define HAVE_STRINGS_H 1
| #define HAVE_INTTYPES_H 1
| #define HAVE_STDINT_H 1
| #define HAVE_UNISTD_H 1
| /* end confdefs.h.  */
| #include <minix/config.h>
configure:5966: result: no
configure:5966: checking for minix/config.h
configure:5966: result: no
configure:5987: checking whether it is safe to define __EXTENSIONS__
configure:6005: gcc -c -g -O2  conftest.c >&5
configure:6005: $? = 0
configure:6012: result: yes
configure:6091: checking for g++
configure:6107: found /usr/bin/g++
configure:6118: result: g++
configure:6145: checking for C++ compiler version
configure:6154: g++ --version >&5
g++ (Ubuntu 9.3.0-17ubuntu1~20.04) 9.3.0
Copyright (C) 2019 Free Software Foundation, Inc.
This is free software; see the source for copying conditions.  There is NO
warranty; not even for MERCHANTABILITY or FITNESS FOR A PARTICULAR PURPOSE.

configure:6165: $? = 0
configure:6154: g++ -v >&5
Using built-in specs.
COLLECT_GCC=g++
COLLECT_LTO_WRAPPER=/usr/lib/gcc/x86_64-linux-gnu/9/lto-wrapper
OFFLOAD_TARGET_NAMES=nvptx-none:hsa
OFFLOAD_TARGET_DEFAULT=1
Target: x86_64-linux-gnu
Configured with: ../src/configure -v --with-pkgversion='Ubuntu 9.3.0-17ubuntu1~20.04' --with-bugurl=file:///usr/share/doc/gcc-9/README.Bugs --enable-languages=c,ada,c++,go,brig,d,fortran,objc,obj-c++,gm2 --prefix=/usr --with-gcc-major-version-only --program-suffix=-9 --program-prefix=x86_64-linux-gnu- --enable-shared --enable-linker-build-id --libexecdir=/usr/lib --without-included-gettext --enable-threads=posix --libdir=/usr/lib --enable-nls --enable-clocale=gnu --enable-libstdcxx-debug --enable-libstdcxx-time=yes --with-default-libstdcxx-abi=new --enable-gnu-unique-object --disable-vtable-verify --enable-plugin --enable-default-pie --with-system-zlib --with-target-system-zlib=auto --enable-objc-gc=auto --enable-multiarch --disable-werror --with-arch-32=i686 --with-abi=m64 --with-multilib-list=m32,m64,mx32 --enable-multilib --with-tune=generic --enable-offload-targets=nvptx-none=/build/gcc-9-HskZEa/gcc-9-9.3.0/debian/tmp-nvptx/usr,hsa --without-cuda-driver --enable-checking=release --build=x86_64-linux-gnu --host=x86_64-linux-gnu --target=x86_64-linux-gnu
Thread model: posix
gcc version 9.3.0 (Ubuntu 9.3.0-17ubuntu1~20.04) 
configure:6165: $? = 0
configure:6154: g++ -V >&5
g++: error: unrecognized command line option '-V'
g++: fatal error: no input files
compilation terminated.
configure:6165: $? = 1
configure:6154: g++ -qversion >&5
g++: error: unrecognized command line option '-qversion'; did you mean '--version'?
g++: fatal error: no input files
compilation terminated.
configure:6165: $? = 1
configure:6169: checking whether we are using the GNU C++ compiler
configure:6188: g++ -c   conftest.cpp >&5
configure:6188: $? = 0
configure:6197: result: yes
configure:6206: checking whether g++ accepts -g
configure:6226: g++ -c -g  conftest.cpp >&5
configure:6226: $? = 0
configure:6267: result: yes
configure:6292: checking dependency style of g++
configure:6403: result: gcc3
configure:6431: checking whether g++ supports C++11 features with -std=gnu++11
configure:6729: g++ -std=gnu++11 -c -g -O2  conftest.cpp >&5
configure:6729: $? = 0
configure:6738: result: yes

## ---------------- ##
## Cache variables. ##
## ---------------- ##

ac_cv_build=x86_64-pc-linux-gnu
ac_cv_c_compiler_gnu=yes
ac_cv_cxx_compiler_gnu=yes
ac_cv_env_CCC_set=
ac_cv_env_CCC_value=
ac_cv_env_CC_set=
ac_cv_env_CC_value=
ac_cv_env_CFLAGS_set=
ac_cv_env_CFLAGS_value=
ac_cv_env_CPPFLAGS_set=
ac_cv_env_CPPFLAGS_value=
ac_cv_env_CPPUTEST_CFLAGS_set=
ac_cv_env_CPPUTEST_CFLAGS_value=
ac_cv_env_CPPUTEST_LIBS_set=
ac_cv_env_CPPUTEST_LIBS_value=
ac_cv_env_CPP_set=
ac_cv_env_CPP_value=
ac_cv_env_CXXCPP_set=
ac_cv_env_CXXCPP_value=
ac_cv_env_CXXFLAGS_set=
ac_cv_env_CXXFLAGS_value=
ac_cv_env_CXX_set=
ac_cv_env_CXX_value=
ac_cv_env_LDFLAGS_set=
ac_cv_env_LDFLAGS_value=
ac_cv_env_LIBS_set=
ac_cv_env_LIBS_value=
ac_cv_env_PKG_CONFIG_LIBDIR_set=
ac_cv_env_PKG_CONFIG_LIBDIR_value=
ac_cv_env_PKG_CONFIG_PATH_set=
ac_cv_env_PKG_CONFIG_PATH_value=
ac_cv_env_PKG_CONFIG_set=
ac_cv_env_PKG_CONFIG_value=
ac_cv_env_build_alias_set=
ac_cv_env_build_alias_value=
ac_cv_env_host_alias_set=
ac_cv_env_host_alias_value=
ac_cv_env_target_alias_set=
ac_cv_env_target_alias_value=
ac_cv_header_inttypes_h=yes
ac_cv_header_memory_h=yes
ac_cv_header_minix_config_h=no
ac_cv_header_stdc=yes
ac_cv_header_stdint_h=yes
ac_cv_header_stdlib_h=yes
ac_cv_header_string_h=yes
ac_cv_header_strings_h=yes
ac_cv_header_sys_stat_h=yes
ac_cv_header_sys_types_h=yes
ac_cv_header_unistd_h=yes
ac_cv_host=x86_64-pc-linux-gnu
ac_cv_objext=o
ac_cv_path_EGREP='/usr/bin/grep -E'
ac_cv_path_GREP=/usr/bin/grep
ac_cv_path_SED=/usr/bin/sed
ac_cv_path_install='/usr/bin/install -c'
ac_cv_path_mkdir=/usr/bin/mkdir
ac_cv_prog_AWK=gawk
ac_cv_prog_CPP='gcc -E'
ac_cv_prog_ac_ct_CC=gcc
ac_cv_prog_ac_ct_CXX=g++
ac_cv_prog_cc_c89=
ac_cv_prog_cc_c99=
ac_cv_prog_cc_g=yes
ac_cv_prog_cc_stdc=
ac_cv_prog_cxx_g=yes
ac_cv_prog_make_make_set=yes
ac_cv_safe_to_define___extensions__=yes
ac_cv_target=x86_64-pc-linux-gnu
am_cv_CC_dependencies_compiler_type=gcc3
am_cv_CXX_dependencies_compiler_type=gcc3
am_cv_make_support_nested_variables=yes
am_cv_prog_cc_c_o=yes
ax_cv_cxx_compile_cxx11__std_gnupp11=yes

## ----------------- ##
## Output variables. ##
## ----------------- ##



























		$(foreach tool, $(valgrind_enabled_tools), check-valgrind-$(tool))
		LOG_COMPILER="$$(VALGRIND_LOG_COMPILER)" \
		LOG_FLAGS="$$(valgrind_$(1)_flags)" \
		TESTS_ENVIRONMENT="$$(VALGRIND_TESTS_ENVIRONMENT)" \
		TEST_SUITE_LOG=test-suite-$(1).log
	$$(valgrind_v_use)$$(MAKE) check-TESTS \
	$(AM_V_at)$(MAKE) $(AM_MAKEFLAGS) -k \
	$(TESTS_ENVIRONMENT) \
	$(VALGRIND) $(VALGRIND_SUPPRESSIONS) --error-exitcode=1 $(VALGRIND_FLAGS)
	$(valgrind_lt) \
	@echo "Need to reconfigure with --enable-code-coverage"
	@echo "Need to reconfigure with --enable-code-coverage"
	@echo "Need to reconfigure with --enable-valgrind"
	@echo "Need to reconfigure with --enable-valgrind"
	@echo "Need to reconfigure with --enable-valgrind-$(1)"
	G_DEBUG=fatal-warnings,fatal-criticals,gc-friendly
	G_SLICE=always-malloc,debug-blocks \
	env VALGRIND=$(VALGRIND) \
 $(CODE_COVERAGE_IGNORE_PATTERN);
 $(CODE_COVERAGE_OUTPUT_FILE);
#
#
#
#    $(PACKAGE_NAME)-$(PACKAGE_VERSION)-coverage)
#    $(PACKAGE_NAME)-$(PACKAGE_VERSION)-coverage.info)
#    (Default: $(top_builddir))
#    (Default: --num-callers=30)
#    (Default: empty)
#    Multiple directories may be specified, separated by whitespace.
#    by lcov for code coverage. (Default:
#    collecting lcov instance. (Default: $CODE_COVERAGE_LCOV_OPTIONS_GCOVPATH)
#    files to load. (Default: empty)
#    genhtml instance. (Default: based on $CODE_COVERAGE_BRANCH_COVERAGE)
#    instance. (Default: $CODE_COVERAGE_GENHTML_OPTIONS_DEFAULT)
#    instance. (Default: $CODE_COVERAGE_LCOV_OPTIONS_DEFAULT)
#    instance. (Default: $CODE_COVERAGE_LCOV_RMOPTS_DEFAULT)
#    instances. (Default: $CODE_COVERAGE_LCOV_SHOPTS_DEFAULT)
#    instances. (Default: based on $CODE_COVERAGE_BRANCH_COVERAGE)
#    lcov instance. (Default: empty)
#    memcheck, helgrind, drd, sgcheck). (Default: various)
#    reports to be created. (Default:
#    set to 0 to disable it and leave empty to stay with the default.
#  - CODE_COVERAGE_BRANCH_COVERAGE: Set to 1 to enforce branch coverage,
#  - CODE_COVERAGE_DIRECTORY: Top-level directory for code coverage reporting.
#  - CODE_COVERAGE_GENHTML_OPTIONS: Extra options to pass to the genhtml
#  - CODE_COVERAGE_GENHTML_OPTIONS_DEFAULT: Extra options to pass to the
#  - CODE_COVERAGE_IGNORE_PATTERN: Extra glob pattern of files to ignore
#  - CODE_COVERAGE_LCOV_OPTIONS: Extra options to pass to the collecting lcov
#  - CODE_COVERAGE_LCOV_OPTIONS_DEFAULT: Extra options to pass to the
#  - CODE_COVERAGE_LCOV_OPTIONS_GCOVPATH: --gcov-tool pathtogcov
#  - CODE_COVERAGE_LCOV_RMOPTS: Extra options to pass to the filtering lcov
#  - CODE_COVERAGE_LCOV_RMOPTS_DEFAULT: Extra options to pass to the filtering
#  - CODE_COVERAGE_LCOV_SHOPTS: Extra options to shared between both lcov
#  - CODE_COVERAGE_LCOV_SHOPTS_DEFAULT: Extra options shared between both lcov
#  - CODE_COVERAGE_OUTPUT_DIRECTORY: Directory for generated code coverage
#  - CODE_COVERAGE_OUTPUT_FILE: Filename and path for the .info file generated
#  - VALGRIND_$toolname_FLAGS: Flags to pass to Valgrind $toolname (one of:
#  - VALGRIND_FLAGS: General flags to pass to all Valgrind tools.
#  - VALGRIND_SUPPRESSIONS_FILES: Space-separated list of Valgrind suppressions
# $(PACKAGE_VERSION). In order to add the current git hash to the title,
# Capture code coverage data
# Code coverage
# Hook rule executed before code-coverage-capture, overridable by the user
# Internal use
# Optional variables
# Optional variables
# Optional:
# Optional:
# Support running with and without libtool.
# The generated report will be titled using the $(PACKAGE_NAME) and
# Use recursive makes in order to ignore errors during check
# Use recursive makes in order to ignore errors during check
# Valgrind check
# Valgrind running
# sanitizes the test-name: replaces with underscores: dashes and dots
# use the git-version-gen script, available online.
$(foreach tool,$(valgrind_tools),$(eval $(call valgrind_tool_rule,$(tool))))
$(if $(CODE_COVERAGE_BRANCH_COVERAGE),\
'
'
--rc genhtml_branch_coverage=$(CODE_COVERAGE_BRANCH_COVERAGE))
--rc lcov_branch_coverage=$(CODE_COVERAGE_BRANCH_COVERAGE))
.PHONY: check-code-coverage code-coverage-capture code-coverage-capture-hook code-coverage-clean
.PHONY: check-valgrind $(add-prefix check-valgrind-,$(valgrind_tools))
ACLOCAL='${SHELL} /home/mayara/lely-core/missing aclocal-1.16'
AMDEPBACKSLASH='\'
AMDEP_FALSE='#'
AMDEP_TRUE=''
AMTAR='$${TAR-tar}'
AM_BACKSLASH='\'
AM_DEFAULT_V='$(AM_DEFAULT_VERBOSITY)'
AM_DEFAULT_VERBOSITY='0'
AM_DISTCHECK_CONFIGURE_FLAGS += --disable-code-coverage
AM_DISTCHECK_CONFIGURE_FLAGS += --disable-valgrind
AM_DISTCHECK_CONFIGURE_FLAGS ?=
AM_DISTCHECK_CONFIGURE_FLAGS ?=
AM_V='$(V)'
AUTOCONF='${SHELL} /home/mayara/lely-core/missing autoconf'
AUTOHEADER='${SHELL} /home/mayara/lely-core/missing autoheader'
AUTOMAKE='${SHELL} /home/mayara/lely-core/missing automake-1.16'
AWK='gawk'
BINFMT_EXEC=''
CC='gcc'
CCDEPMODE='depmode=gcc3'
CFLAGS='-g -O2'
CODE_COVERAGE_BRANCH_COVERAGE ?=
CODE_COVERAGE_CFLAGS=''
CODE_COVERAGE_CPPFLAGS=''
CODE_COVERAGE_CXXFLAGS=''
CODE_COVERAGE_DIRECTORY ?= $(top_builddir)
CODE_COVERAGE_ENABLED='no'
CODE_COVERAGE_ENABLED_FALSE=''
CODE_COVERAGE_ENABLED_TRUE='#'
CODE_COVERAGE_GENHTML_OPTIONS ?= $(CODE_COVERAGE_GENHTML_OPTIONS_DEFAULT)
CODE_COVERAGE_GENHTML_OPTIONS_DEFAULT ?=\
CODE_COVERAGE_IGNORE_PATTERN ?=
CODE_COVERAGE_LCOV_OPTIONS ?= $(CODE_COVERAGE_LCOV_OPTIONS_DEFAULT)
CODE_COVERAGE_LCOV_OPTIONS_DEFAULT ?= $(CODE_COVERAGE_LCOV_OPTIONS_GCOVPATH)
CODE_COVERAGE_LCOV_OPTIONS_GCOVPATH ?= --gcov-tool "$(GCOV)"
CODE_COVERAGE_LCOV_RMOPTS ?= $(CODE_COVERAGE_LCOV_RMOPTS_DEFAULT)
CODE_COVERAGE_LCOV_RMOPTS_DEFAULT ?=
CODE_COVERAGE_LCOV_SHOPTS ?= $(CODE_COVERAGE_LCOV_SHOPTS_DEFAULT)
CODE_COVERAGE_LCOV_SHOPTS_DEFAULT ?= $(if $(CODE_COVERAGE_BRANCH_COVERAGE),\
CODE_COVERAGE_LDFLAGS=''
CODE_COVERAGE_LIBS=''
CODE_COVERAGE_OUTPUT_DIRECTORY ?= $(PACKAGE_NAME)-$(PACKAGE_VERSION)-coverage
CODE_COVERAGE_OUTPUT_FILE ?= $(PACKAGE_NAME)-$(PACKAGE_VERSION)-coverage.info
CODE_COVERAGE_RULES='
CPP='gcc -E'
CPPFLAGS=''
CPPUTEST_CFLAGS=''
CPPUTEST_LIBS=''
CXX='g++ -std=gnu++11'
CXXCPP=''
CXXDEPMODE='depmode=gcc3'
CXXFLAGS='-g -O2 -Wall -Wextra -pedantic -Werror'
CYGPATH_W='echo'
DEFS=''
DEPDIR='.deps'
DOXYGEN=''
ECHO_C=''
ECHO_N='-n'
ECHO_T=''
ECSS_COMPLIANCE_FALSE=''
ECSS_COMPLIANCE_TRUE=''
EGREP='/usr/bin/grep -E'
ENABLE_SHARED_FALSE=''
ENABLE_SHARED_TRUE=''
ENABLE_VALGRIND_drd='no'
ENABLE_VALGRIND_helgrind='no'
ENABLE_VALGRIND_memcheck='no'
ENABLE_VALGRIND_sgcheck='no'
EXEEXT=''
GCOV=''
GENHTML=''
GITIGNOREFILES += $(CODE_COVERAGE_OUTPUT_FILE) $(CODE_COVERAGE_OUTPUT_DIRECTORY)
GITIGNOREFILES ?=
GREP='/usr/bin/grep'
HAVE_CXX11='1'
HAVE_DOXYGEN_FALSE=''
HAVE_DOXYGEN_TRUE=''
HAVE_IXXAT_FALSE=''
HAVE_IXXAT_TRUE=''
HAVE_PTHREAD_FALSE=''
HAVE_PTHREAD_TRUE=''
HAVE_PYTHON2_FALSE=''
HAVE_PYTHON2_TRUE=''
HAVE_PYTHON3_FALSE=''
HAVE_PYTHON3_TRUE=''
HAVE_SOCKET_CAN_FALSE=''
HAVE_SOCKET_CAN_TRUE=''
HAVE_VCI_FALSE=''
HAVE_VCI_TRUE=''
INSTALL_DATA='${INSTALL} -m 644'
INSTALL_PROGRAM='${INSTALL}'
INSTALL_SCRIPT='${INSTALL}'
INSTALL_STRIP_PROGRAM='$(install_sh) -c -s'
LCOV=''
LDFLAGS=''
LIBOBJS=''
LIBS=''
LTLIBOBJS=''
MAINT=''
MAINTAINER_MODE_FALSE='#'
MAINTAINER_MODE_TRUE=''
MAKEINFO='${SHELL} /home/mayara/lely-core/missing makeinfo'
MKDIR_P='/usr/bin/mkdir -p'
MOSTLYCLEANFILES += $(valgrind_log_files)
MOSTLYCLEANFILES ?=
NO_CANFD_FALSE=''
NO_CANFD_TRUE=''
NO_COAPP_MASTER_FALSE=''
NO_COAPP_MASTER_TRUE=''
NO_COAPP_SLAVE_FALSE=''
NO_COAPP_SLAVE_TRUE=''
NO_CO_CSDO_FALSE=''
NO_CO_CSDO_TRUE=''
NO_CO_DCF_FALSE=''
NO_CO_DCF_RESTORE_FALSE=''
NO_CO_DCF_RESTORE_TRUE=''
NO_CO_DCF_TRUE=''
NO_CO_EMCY_FALSE=''
NO_CO_EMCY_TRUE=''
NO_CO_GW_FALSE=''
NO_CO_GW_TRUE=''
NO_CO_GW_TXT_FALSE=''
NO_CO_GW_TXT_TRUE=''
NO_CO_LSS_FALSE=''
NO_CO_LSS_TRUE=''
NO_CO_MASTER_FALSE=''
NO_CO_MASTER_TRUE=''
NO_CO_MPDO_FALSE=''
NO_CO_MPDO_TRUE=''
NO_CO_NG_FALSE=''
NO_CO_NG_TRUE=''
NO_CO_NMT_BOOT_FALSE=''
NO_CO_NMT_BOOT_TRUE=''
NO_CO_NMT_CFG_FALSE=''
NO_CO_NMT_CFG_TRUE=''
NO_CO_OBJ_DEFAULT_FALSE=''
NO_CO_OBJ_DEFAULT_TRUE=''
NO_CO_OBJ_FILE_FALSE=''
NO_CO_OBJ_FILE_TRUE=''
NO_CO_OBJ_LIMITS_FALSE=''
NO_CO_OBJ_LIMITS_TRUE=''
NO_CO_OBJ_NAME_FALSE=''
NO_CO_OBJ_NAME_TRUE=''
NO_CO_OBJ_UPLOAD_FALSE=''
NO_CO_OBJ_UPLOAD_TRUE=''
NO_CO_RPDO_FALSE=''
NO_CO_RPDO_TRUE=''
NO_CO_SDEV_FALSE=''
NO_CO_SDEV_TRUE=''
NO_CO_SYNC_FALSE=''
NO_CO_SYNC_TRUE=''
NO_CO_TIME_FALSE=''
NO_CO_TIME_TRUE=''
NO_CO_TPDO_FALSE=''
NO_CO_TPDO_TRUE=''
NO_CO_WTM_FALSE=''
NO_CO_WTM_TRUE=''
NO_CXX_FALSE=''
NO_CXX_TRUE=''
NO_CYTHON_FALSE=''
NO_CYTHON_TRUE=''
NO_DAEMON_FALSE=''
NO_DAEMON_TRUE=''
NO_DIAG_FALSE=''
NO_DIAG_TRUE=''
NO_MALLOC_FALSE=''
NO_MALLOC_TRUE=''
NO_RT_FALSE=''
NO_RT_TRUE=''
NO_STDIO_FALSE=''
NO_STDIO_TRUE=''
NO_TESTS_FALSE=''
NO_TESTS_TRUE=''
NO_THREADS_FALSE=''
NO_THREADS_TRUE=''
NO_TOOLS_FALSE=''
NO_TOOLS_TRUE=''
NO_UNIT_TESTS_FALSE=''
NO_UNIT_TESTS_MEMLEAK_FALSE=''
NO_UNIT_TESTS_MEMLEAK_TRUE=''
NO_UNIT_TESTS_TRUE=''
OBJEXT='o'
PACKAGE='lely-core'
PACKAGE_BUGREPORT=''
PACKAGE_NAME='Lely core libraries'
PACKAGE_STRING='Lely core libraries 2.4.0'
PACKAGE_TARNAME='lely-core'
PACKAGE_URL=''
PACKAGE_VERSION='2.4.0'
PATH_SEPARATOR=':'
PKG_CONFIG=''
PKG_CONFIG_LIBDIR=''
PKG_CONFIG_PATH=''
PLATFORM_LINUX_FALSE=''
PLATFORM_LINUX_TRUE=''
PLATFORM_POSIX_FALSE=''
PLATFORM_POSIX_TRUE=''
PLATFORM_WIN32_FALSE=''
PLATFORM_WIN32_TRUE=''
PTHREAD_CC=''
PTHREAD_CFLAGS=''
PTHREAD_LIBS=''
PYTHON2=''
PYTHON3=''
RT_LIBS=''
SCRIPT_EXEC=''
SED='/usr/bin/sed'
SET_MAKE=''
SHELL='/bin/bash'
STRIP=''
VALGRIND=''
VALGRIND_CHECK_RULES='
VALGRIND_ENABLED='no'
VALGRIND_ENABLED_FALSE=''
VALGRIND_ENABLED_TRUE='#'
VALGRIND_FLAGS ?= --num-callers=30
VALGRIND_LOG_COMPILER = \
VALGRIND_SUPPRESSIONS ?= $(addprefix --suppressions=,$(VALGRIND_SUPPRESSIONS_FILES))
VALGRIND_TESTS_ENVIRONMENT = \
VALGRIND_drd_FLAGS ?=
VALGRIND_helgrind_FLAGS ?= --history-level=approx
VALGRIND_memcheck_FLAGS ?= --leak-check=full --show-reachable=no
VALGRIND_sgcheck_FLAGS ?=
VERSION='2.4.0'
VERSION_MAJOR=''
VERSION_MINOR=''
VERSION_PATCH=''
ac_ct_CC='gcc'
ac_ct_CXX='g++'
am__EXEEXT_FALSE=''
am__EXEEXT_TRUE=''
am__fastdepCC_FALSE='#'
am__fastdepCC_TRUE=''
am__fastdepCXX_FALSE='#'
am__fastdepCXX_TRUE=''
am__include='include'
am__isrc=' -I$(srcdir)'
am__leading_dot='.'
am__nodep='_no'
am__quote=''
am__tar='$${TAR-tar} chof - "$$tardir"'
am__untar='$${TAR-tar} xf -'
ax_pthread_config=''
bindir='${exec_prefix}/bin'
build='x86_64-pc-linux-gnu'
build_alias=''
build_cpu='x86_64'
build_os='linux-gnu'
build_vendor='pc'
check-code-coverage: 
check-valgrind-$(1)-am:
check-valgrind-am:
code-coverage-capture-hook:
code-coverage-capture: code-coverage-capture-hook
code_coverage_quiet = $(code_coverage_quiet_$(V))
code_coverage_quiet_ = $(code_coverage_quiet_$(AM_DEFAULT_VERBOSITY))
code_coverage_quiet_0 = --quiet
code_coverage_sanitize = $(subst -,_,$(subst .,_,$(1)))
code_coverage_v_genhtml = $(code_coverage_v_genhtml_$(V))
code_coverage_v_genhtml_ = $(code_coverage_v_genhtml_$(AM_DEFAULT_VERBOSITY))
code_coverage_v_genhtml_0 = @echo "  GEN   " $(CODE_COVERAGE_OUTPUT_DIRECTORY);
code_coverage_v_lcov_cap = $(code_coverage_v_lcov_cap_$(V))
code_coverage_v_lcov_cap_ = $(code_coverage_v_lcov_cap_$(AM_DEFAULT_VERBOSITY))
code_coverage_v_lcov_cap_0 = @echo "  LCOV   --capture"\
code_coverage_v_lcov_ign = $(code_coverage_v_lcov_ign_$(V))
code_coverage_v_lcov_ign_ = $(code_coverage_v_lcov_ign_$(AM_DEFAULT_VERBOSITY))
code_coverage_v_lcov_ign_0 = @echo "  LCOV   --remove /tmp/*"\
datadir='${datarootdir}'
datarootdir='${prefix}/share'
define valgrind_tool_rule
docdir='${datarootdir}/doc/${PACKAGE_TARNAME}'
dvidir='${docdir}'
else
else
else
else ifeq ($$(VALGRIND_ENABLED),yes)
endef
endif
endif
endif
endif
exec_prefix='NONE'
host='x86_64-pc-linux-gnu'
host_alias=''
host_cpu='x86_64'
host_os='linux-gnu'
host_vendor='pc'
htmldir='${docdir}'
ifeq ($$(VALGRIND_ENABLED)-$$(ENABLE_VALGRIND_$(1)),yes-yes)
ifeq ($(VALGRIND_ENABLED),yes)
ifneq ($$(TESTS),)
ifneq ($(LIBTOOL),)
includedir='${prefix}/include'
infodir='${datarootdir}/info'
install_sh='${SHELL} /home/mayara/lely-core/install-sh'
libdir='${exec_prefix}/lib'
libexecdir='${exec_prefix}/libexec'
localedir='${datarootdir}/locale'
localstatedir='${prefix}/var'
mandir='${datarootdir}/man'
mkdir_p='$(MKDIR_P)'
oldincludedir='/usr/include'
pdfdir='${docdir}'
prefix='NONE'
program_transform_name='s,x,x,'
psdir='${docdir}'
runstatedir='${localstatedir}/run'
sbindir='${exec_prefix}/sbin'
sharedstatedir='${prefix}/com'
sysconfdir='${prefix}/etc'
target='x86_64-pc-linux-gnu'
target_alias=''
target_cpu='x86_64'
target_os='linux-gnu'
target_vendor='pc'
valgrind_drd_flags = --tool=drd $(VALGRIND_drd_FLAGS)
valgrind_enabled_tools=''
valgrind_helgrind_flags = --tool=helgrind $(VALGRIND_helgrind_FLAGS)
valgrind_log_files = $(addprefix test-suite-,$(addsuffix .log,$(valgrind_tools)))
valgrind_lt =
valgrind_lt = $(LIBTOOL) $(AM_LIBTOOLFLAGS) $(LIBTOOLFLAGS) --mode=execute
valgrind_memcheck_flags = --tool=memcheck $(VALGRIND_memcheck_FLAGS)
valgrind_quiet = $(valgrind_quiet_$(V))
valgrind_quiet_ = $(valgrind_quiet_$(AM_DEFAULT_VERBOSITY))
valgrind_quiet_0 = --quiet
valgrind_sgcheck_flags = --tool=exp-sgcheck $(VALGRIND_sgcheck_FLAGS)
valgrind_tools='memcheck helgrind drd sgcheck'
valgrind_v_use   = $(valgrind_v_use_$(V))
valgrind_v_use_  = $(valgrind_v_use_$(AM_DEFAULT_VERBOSITY))
valgrind_v_use_0 = @echo "  USE   " $(patsubst check-valgrind-%-am,%,$@):;

## ----------- ##
## confdefs.h. ##
## ----------- ##

/* confdefs.h */
#define PACKAGE_NAME "Lely core libraries"
#define PACKAGE_TARNAME "lely-core"
#define PACKAGE_VERSION "2.4.0"
#define PACKAGE_STRING "Lely core libraries 2.4.0"
#define PACKAGE_BUGREPORT ""
#define PACKAGE_URL ""
#define PACKAGE "lely-core"
#define VERSION "2.4.0"
#define STDC_HEADERS 1
#define HAVE_SYS_TYPES_H 1
#define HAVE_SYS_STAT_H 1
#define HAVE_STDLIB_H 1
#define HAVE_STRING_H 1
#define HAVE_MEMORY_H 1
#define HAVE_STRINGS_H 1
#define HAVE_INTTYPES_H 1
#define HAVE_STDINT_H 1
#define HAVE_UNISTD_H 1
#define __EXTENSIONS__ 1
#define _ALL_SOURCE 1
#define _GNU_SOURCE 1
#define _POSIX_PTHREAD_SEMANTICS 1
#define _TANDEM_SOURCE 1
#define HAVE_CXX11 1

configure: exit 2
