  CHK     include/config/kernel.release
  CHK     include/generated/uapi/linux/version.h
  CHK     include/generated/utsrelease.h
make[1]: 'include/generated/mach-types.h' is up to date.
  CHK     include/generated/bounds.h
  CHK     include/generated/timeconst.h
  CHK     include/generated/asm-offsets.h
  CALL    scripts/checksyscalls.sh
  CHK     scripts/mod/devicetable-offsets.h
  CHK     include/generated/compile.h
  LD      init/mounts.o
  LD      init/built-in.o
  LD      usr/built-in.o
  LD      arch/arm/vfp/vfp.o
  LD      arch/arm/vfp/built-in.o
  LD      arch/arm/kernel/built-in.o
  LD      arch/arm/mm/built-in.o
  LD      arch/arm/common/built-in.o
  LD      arch/arm/mach-imx/devices/built-in.o
  LD      arch/arm/mach-imx/built-in.o
  LD      kernel/bpf/built-in.o
  LD      kernel/events/built-in.o
  LD      kernel/irq/built-in.o
  LD      kernel/locking/built-in.o
  LD      kernel/power/built-in.o
  LD      kernel/printk/built-in.o
  LD      kernel/rcu/built-in.o
  LD      kernel/sched/built-in.o
  LD      kernel/time/built-in.o
  CHK     kernel/config_data.h
  LD      kernel/built-in.o
  LD      certs/built-in.o
  LD      mm/built-in.o
  LD      fs/autofs4/autofs4.o
  LD      fs/autofs4/built-in.o
  LD      fs/cifs/cifs.o
  LD      fs/cifs/built-in.o
  LD      fs/debugfs/debugfs.o
  LD      fs/debugfs/built-in.o
  LD      fs/devpts/devpts.o
  LD      fs/devpts/built-in.o
  LD      fs/exportfs/exportfs.o
  LD      fs/exportfs/built-in.o
  LD      fs/ext4/ext4.o
  LD      fs/ext4/built-in.o
  LD      fs/fat/fat.o
  LD      fs/fat/vfat.o
  LD      fs/fat/built-in.o
  LD      fs/fuse/fuse.o
  LD      fs/fuse/built-in.o
  LD      fs/jbd2/jbd2.o
  LD      fs/jbd2/built-in.o
  LD      fs/kernfs/built-in.o
  LD      fs/lockd/lockd.o
  LD      fs/lockd/built-in.o
  LD      fs/nfs/nfs.o
  LD      fs/nfs/nfsv2.o
  LD      fs/nfs/nfsv3.o
  LD      fs/nfs/nfsv4.o
  LD      fs/nfs/filelayout/nfs_layout_nfsv41_files.o
  LD      fs/nfs/filelayout/built-in.o
  LD      fs/nfs/flexfilelayout/nfs_layout_flexfiles.o
  LD      fs/nfs/flexfilelayout/built-in.o
  LD      fs/nfs/built-in.o
  LD      fs/nfs_common/nfs_acl.o
  LD      fs/nfs_common/built-in.o
  LD      fs/nls/built-in.o
  LD      fs/notify/dnotify/built-in.o
  LD      fs/notify/inotify/built-in.o
  LD      fs/notify/built-in.o
  LD      fs/ntfs/ntfs.o
  LD      fs/ntfs/built-in.o
  LD      fs/overlayfs/overlay.o
  LD      fs/overlayfs/built-in.o
  LD      fs/proc/proc.o
  LD      fs/proc/built-in.o
  LD      fs/ramfs/ramfs.o
  LD      fs/ramfs/built-in.o
  LD      fs/sysfs/built-in.o
  LD      fs/ubifs/ubifs.o
  LD      fs/ubifs/built-in.o
  LD      fs/built-in.o
  LD      ipc/built-in.o
  LD      security/keys/built-in.o
  LD      security/built-in.o
  LD      crypto/crypto.o
  LD      crypto/crypto_algapi.o
  LD      crypto/crypto_blkcipher.o
  LD      crypto/crypto_hash.o
  LD      crypto/cryptomgr.o
  LD      crypto/jitterentropy_rng.o
  LD      crypto/asymmetric_keys/asymmetric_keys.o
  LD      crypto/asymmetric_keys/x509_key_parser.o
  LD      crypto/asymmetric_keys/pkcs7_message.o
  LD      crypto/asymmetric_keys/built-in.o
  LD      crypto/built-in.o
  LD      block/partitions/built-in.o
  LD      block/built-in.o
  LD      drivers/base/power/opp/built-in.o
  LD      drivers/base/power/built-in.o
  LD      drivers/base/regmap/built-in.o
  LD      drivers/base/built-in.o
  LD      drivers/block/built-in.o
  LD      drivers/char/hw_random/rng-core.o
  LD      drivers/char/hw_random/built-in.o
  LD      drivers/char/built-in.o
  LD      drivers/clk/imx/built-in.o
  LD      drivers/clk/built-in.o
  LD      drivers/clocksource/built-in.o
  LD      drivers/connector/cn.o
  LD      drivers/connector/built-in.o
  LD      drivers/cpuidle/governors/built-in.o
  LD      drivers/cpuidle/built-in.o
  LD      drivers/dma/built-in.o
  LD      drivers/dma-buf/built-in.o
  LD      drivers/extcon/built-in.o
  LD      drivers/firmware/built-in.o
  LD      drivers/gpio/built-in.o
  LD      drivers/gpu/drm/drm_kms_helper.o
  LD      drivers/gpu/drm/drm.o
  LD      drivers/gpu/drm/fsl-dcu/fsl-dcu-drm.o
  LD      drivers/gpu/drm/fsl-dcu/built-in.o
  LD      drivers/gpu/drm/panel/built-in.o
  LD      drivers/gpu/drm/built-in.o
  LD      drivers/gpu/built-in.o
  LD      drivers/hid/hid.o
  LD      drivers/hid/usbhid/usbhid.o
  LD      drivers/hid/usbhid/built-in.o
  LD      drivers/hid/built-in.o
  LD      drivers/hsi/built-in.o
  LD      drivers/hwmon/built-in.o
  LD      drivers/i2c/algos/built-in.o
  LD      drivers/i2c/busses/built-in.o
  LD      drivers/i2c/built-in.o
  LD      drivers/iio/industrialio.o
  LD      drivers/iio/adc/built-in.o
  LD      drivers/iio/buffer/built-in.o
  LD      drivers/iio/common/built-in.o
  LD      drivers/iio/dac/built-in.o
  LD      drivers/iio/imu/built-in.o
  LD      drivers/iio/trigger/built-in.o
  LD      drivers/iio/built-in.o
  LD      drivers/input/input-core.o
  LD      drivers/input/keyboard/built-in.o
  LD      drivers/input/touchscreen/wm97xx-ts.o
  LD      drivers/input/touchscreen/built-in.o
  LD      drivers/input/built-in.o
  LD      drivers/irqchip/built-in.o
  LD      drivers/leds/trigger/built-in.o
  LD      drivers/leds/built-in.o
  LD      drivers/media/common/built-in.o
  LD      drivers/media/i2c/built-in.o
  LD      drivers/media/mmc/built-in.o
  LD      drivers/media/pci/built-in.o
  LD      drivers/media/platform/built-in.o
  LD      drivers/media/rc/rc-core.o
  LD      drivers/media/rc/built-in.o
  LD      drivers/media/usb/built-in.o
  LD      drivers/media/v4l2-core/videodev.o
  LD      drivers/media/v4l2-core/built-in.o
  LD      drivers/media/built-in.o
  LD      drivers/mfd/built-in.o
  LD      drivers/misc/mic/built-in.o
  LD      drivers/misc/built-in.o
  LD      drivers/mmc/card/mmc_block.o
  LD      drivers/mmc/card/built-in.o
  LD      drivers/mmc/core/mmc_core.o
  LD      drivers/mmc/core/built-in.o
  LD      drivers/mmc/host/built-in.o
  LD      drivers/mmc/built-in.o
  LD      drivers/mtd/mtd.o
  LD      drivers/mtd/chips/built-in.o
  LD      drivers/mtd/maps/built-in.o
  LD      drivers/mtd/nand/nand.o
  LD      drivers/mtd/nand/built-in.o
  LD      drivers/mtd/ubi/ubi.o
  LD      drivers/mtd/ubi/built-in.o
  LD      drivers/mtd/built-in.o
  LD      drivers/net/can/built-in.o
  LD      drivers/net/ethernet/freescale/fec.o
  LD      drivers/net/ethernet/freescale/built-in.o
  LD      drivers/net/ethernet/built-in.o
  LD      drivers/net/phy/libphy.o
  LD      drivers/net/phy/built-in.o
  LD      drivers/net/wireless/built-in.o
  LD      drivers/net/built-in.o
  LD      drivers/nvme/built-in.o
  LD      drivers/nvmem/nvmem_core.o
  LD      drivers/nvmem/nvmem-vf610-ocotp.o
  LD      drivers/nvmem/built-in.o
  LD      drivers/of/built-in.o
  LD      drivers/perf/built-in.o
  LD      drivers/pinctrl/freescale/built-in.o
  LD      drivers/pinctrl/built-in.o
  LD      drivers/power/power_supply.o
  LD      drivers/power/reset/built-in.o
  LD      drivers/power/built-in.o
  LD      drivers/pps/pps_core.o
  LD      drivers/pps/built-in.o
  LD      drivers/ptp/ptp.o
  LD      drivers/ptp/built-in.o
  LD      drivers/pwm/built-in.o
  LD      drivers/regulator/built-in.o
  LD      drivers/rtc/rtc-core.o
  LD      drivers/rtc/built-in.o
  LD      drivers/scsi/scsi_mod.o
  LD      drivers/scsi/sd_mod.o
  LD      drivers/scsi/built-in.o
  LD      drivers/soc/fsl/built-in.o
  LD      drivers/soc/built-in.o
  LD      drivers/spi/built-in.o
  LD      drivers/tty/serial/built-in.o
  LD      drivers/tty/vt/built-in.o
  LD      drivers/tty/built-in.o
  LD      drivers/usb/chipidea/ci_hdrc.o
  LD      drivers/usb/chipidea/built-in.o
  LD      drivers/usb/common/usb-common.o
  LD      drivers/usb/common/built-in.o
  LD      drivers/usb/core/usbcore.o
  LD      drivers/usb/core/built-in.o
  LD      drivers/usb/gadget/udc/fsl_usb2_udc.o
  LD      drivers/usb/gadget/udc/built-in.o
  LD      drivers/usb/gadget/built-in.o
  LD      drivers/usb/host/built-in.o
  LD      drivers/usb/phy/built-in.o
  LD      drivers/usb/serial/usbserial.o
  LD      drivers/usb/serial/built-in.o
  LD      drivers/usb/storage/usb-storage.o
  LD      drivers/usb/storage/built-in.o
  LD      drivers/usb/built-in.o
  LD      drivers/video/backlight/built-in.o
  LD      drivers/video/console/built-in.o
  LD      drivers/video/fbdev/core/fb.o
  LD      drivers/video/fbdev/core/built-in.o
  LD      drivers/video/fbdev/omap2/built-in.o
  LD      drivers/video/fbdev/built-in.o
  LD      drivers/video/logo/built-in.o
  LD      drivers/video/built-in.o
  LD      drivers/watchdog/watchdog.o
  LD      drivers/watchdog/built-in.o
  LD      drivers/built-in.o
  LD      sound/soundcore.o
  LD      sound/core/snd.o
  LD      sound/core/snd-timer.o
  LD      sound/core/snd-pcm.o
  LD      sound/core/snd-pcm-dmaengine.o
  LD      sound/core/built-in.o
  LD      sound/drivers/built-in.o
  LD      sound/i2c/built-in.o
  LD      sound/isa/built-in.o
  LD      sound/pci/ac97/snd-ac97-codec.o
  LD      sound/pci/ac97/built-in.o
  LD      sound/pci/built-in.o
  LD      sound/pcmcia/built-in.o
  LD      sound/soc/snd-soc-core.o
  LD      sound/soc/codecs/snd-soc-ac97.o
  LD      sound/soc/codecs/snd-soc-wm9712.o
  LD      sound/soc/codecs/built-in.o
  LD      sound/soc/fsl/snd-soc-fsl-sai.o
  LD      sound/soc/fsl/built-in.o
  LD      sound/soc/intel/built-in.o
  LD      sound/soc/built-in.o
  LD      sound/usb/built-in.o
  LD      sound/built-in.o
  LD      net/802/built-in.o
  LD      net/8021q/8021q.o
  LD      net/8021q/built-in.o
  LD      net/bridge/bridge.o
  LD      net/bridge/br_netfilter.o
  LD      net/bridge/netfilter/built-in.o
  LD      net/bridge/built-in.o
  LD      net/core/built-in.o
  LD      net/dns_resolver/dns_resolver.o
  LD      net/dns_resolver/built-in.o
  LD      net/ethernet/built-in.o
  LD      net/ipv4/netfilter/nf_conntrack_ipv4.o
  LD      net/ipv4/netfilter/nf_nat_ipv4.o
  LD      net/ipv4/netfilter/built-in.o
  LD      net/ipv4/built-in.o
  LD      net/ipv6/ipv6.o
  LD      net/ipv6/netfilter/built-in.o
  LD      net/ipv6/built-in.o
  LD      net/llc/llc.o
  LD      net/llc/built-in.o
  LD      net/netfilter/netfilter.o
  LD      net/netfilter/nf_conntrack.o
  LD      net/netfilter/nf_nat.o
  LD      net/netfilter/nf_tables.o
  LD      net/netfilter/built-in.o
  LD      net/netlink/built-in.o
  LD      net/packet/built-in.o
  LD      net/rfkill/rfkill.o
  LD      net/rfkill/built-in.o
  LD      net/sched/built-in.o
  LD      net/sunrpc/sunrpc.o
  LD      net/sunrpc/auth_gss/auth_rpcgss.o
  LD      net/sunrpc/auth_gss/built-in.o
  LD      net/sunrpc/built-in.o
  LD      net/unix/unix.o
  LD      net/unix/built-in.o
  LD      net/wireless/built-in.o
  LD      net/xfrm/built-in.o
  LD      net/built-in.o
  LD      lib/fonts/font.o
  LD      lib/fonts/built-in.o
  LD      lib/lz4/built-in.o
  LD      lib/lzo/lzo_compress.o
  LD      lib/lzo/lzo_decompress.o
  LD      lib/lzo/built-in.o
  LD      lib/mpi/mpi.o
  LD      lib/mpi/built-in.o
  LD      lib/xz/xz_dec.o
  LD      lib/xz/built-in.o
  LD      lib/zlib_deflate/zlib_deflate.o
  LD      lib/zlib_deflate/built-in.o
  LD      lib/zlib_inflate/zlib_inflate.o
  LD      lib/zlib_inflate/built-in.o
  LD      lib/built-in.o
  LD      virt/built-in.o
  LINK    vmlinux
  LD      vmlinux.o
  MODPOST vmlinux.o
  GEN     .version
  CHK     include/generated/compile.h
  UPD     include/generated/compile.h
  CC      init/version.o
  LD      init/built-in.o
  KSYM    .tmp_kallsyms1.o
  KSYM    .tmp_kallsyms2.o
  LD      vmlinux
  SORTEX  vmlinux
  SYSMAP  System.map
  OBJCOPY arch/arm/boot/Image
  Kernel: arch/arm/boot/Image is ready
  Kernel: arch/arm/boot/Image is ready
  LZO     arch/arm/boot/compressed/piggy.lzo
  AS      arch/arm/boot/compressed/piggy.lzo.o
  LD      arch/arm/boot/compressed/vmlinux
  OBJCOPY arch/arm/boot/zImage
  Kernel: arch/arm/boot/zImage is ready
